<mxfile host="www.draw.io" version="10.4.6" type="device"><diagram id="CYChXI45uUwVJyo5GarY" name="Page-1">7ZhLc5swEMc/DTPtIRkeBuNjbKftoUk7dWacnDoyLKBGlhgh/Oinr7AF5uHYxKWxO+0J6S8tErv7k5A0azRffeQoju6YD0QzdX+lWWPNNA1r0JOPTFlvlb7rbIWQY1912gkT/BOUqCs1xT4klY6CMSJwXBU9Ril4oqIhztmy2i1gpDpqjEJoCBMPkaY6xb6IlGro+q7hE+AwUkO7tmqYo7yzEpII+WxZkqxbzRpxxsS2NF+NgGTOy/2ytfvwQmsxMQ5UtDGYT9cP4l53+cPTzXRAp/bN9/urvpqbWOcfzFlKfchsdM0aMi4iFjKKyGfGYikaUvwBQqxVqFAqmJQiMSeqdftG8Bt+3U1USQlLuQcHZmeqgCMegjjQzy7cKfMQ2BwEX0s7DgQJvKjOA6mECIt+O5/JgnLbK1yoJrlAJFUjaaZD5HSHPl7IYpgVr0WSq3KQUsP+vqtcnvF6x7p5LXwyy+KsSJmQj+EywgImMdq4eSkRrcZqhrzncBPxL6kgmILSfcSfv0grLDJs9WvdLsZaABewOhzaZiiUQV+xoBYDI4dluUPLVVJUgqqgrfPgGVbDg1nmTlSVsswlw99mAlZYPJbKTxuv9m1VHa/UqzeVdV6h8gsfy5WtmWnn9Z3dppYbdkig1ZJAwzwnglYbBA9ISYxork02LrlD8RgWD3Kn+UrSENMSfeXOh5k+gmo1q46QGmBCRowwvrG1ggAcz8umLjh7hlKL3x/MdL0bXJ1ejdd+k1dT3wOs86d4dc+I62m0viGsdktYnXOyardhVSRXhCEfeOtN853giCYxzj6B0fcn75+73DFOgDIwX4DSmTm20w2Uxa/xASgN8y2hHPyH8ghsLaC0zgml04ASJwLRWUquMJXZnMphgBdM/nXMWO6lbWQ5xO3+WY4vYw3TMRJIy5aBk98QsPbL74jJ+GRH6bYG3yCWa8AlHnNqCerb4Pq9fQnqmjPL6ShBB7UELZLxfCej3sWu6h2uzkZ+p3TZB5x8mqXV4gGS7E7hBS5izjxIktPRqFOAwA32LtOO58Is6Oi8Uafg7L82hv1PUND2os3Q98fvjSjYd9VWi47gGNGQtNgUOshXt3afVfyal/LV2ZOu7uvTVVZ3V8WbttKFu3X7Cw==</diagram></mxfile>
